  Pch.cpp
  Previewer.cpp
F:\repos\CreatorExplorer\Core\Source\Previewer.cpp(137,78): warning C4244: 'argument': conversion from 'T' to 'unsigned int', possible loss of data
          with
          [
              T=float
          ]
F:\repos\CreatorExplorer\Core\Source\Previewer.cpp(137,67): warning C4244: 'argument': conversion from 'T' to 'unsigned int', possible loss of data
          with
          [
              T=float
          ]
F:\repos\CreatorExplorer\Core\Source\Previewer.cpp(156,79): warning C4244: 'argument': conversion from 'T' to 'unsigned int', possible loss of data
          with
          [
              T=float
          ]
F:\repos\CreatorExplorer\Core\Source\Previewer.cpp(156,68): warning C4244: 'argument': conversion from 'T' to 'unsigned int', possible loss of data
          with
          [
              T=float
          ]
F:\repos\CreatorExplorer\Core\Source\Previewer.cpp(186,14): warning C4244: 'initializing': conversion from 'T' to 'float', possible loss of data
          with
          [
              T=unsigned int
          ]
F:\repos\CreatorExplorer\Core\Source\Previewer.cpp(187,15): warning C4244: 'initializing': conversion from 'T' to 'float', possible loss of data
          with
          [
              T=unsigned int
          ]
F:\repos\CreatorExplorer\Core\Source\Previewer.cpp(202,67): warning C4244: 'argument': conversion from 'float' to 'unsigned int', possible loss of data
F:\repos\CreatorExplorer\Core\Source\Previewer.cpp(202,60): warning C4244: 'argument': conversion from 'float' to 'unsigned int', possible loss of data
  InputManager.cpp
  Browser.cpp
  AssetManager.cpp
  Item.cpp
F:\repos\CreatorExplorer\Core\Source\Item.cpp(47,27): warning C4244: 'argument': conversion from 'float' to 'unsigned int', possible loss of data
F:\repos\CreatorExplorer\Core\Source\Item.cpp(52,14): warning C4553: '==': result of expression not used; did you intend '='?
F:\repos\CreatorExplorer\Core\Source\Item.cpp(50,25): warning C4390: ';': empty controlled statement found; is this the intent?
  Application.cpp
  CoreBuilder.cpp
  Generating code
  Previous IPDB not found, fall back to full compilation.
  All 2183 functions were compiled because no usable IPDB/IOBJ from previous compilation was found.
  Finished generating code
  Core.vcxproj -> F:\repos\CreatorExplorer\Build\Release\x64\Core.exe
